[debug] [2023-10-01T07:52:46.654Z] ----------------------------------------------------------------------
[debug] [2023-10-01T07:52:46.660Z] Command:       C:\Program Files\nodejs\node.exe C:\Users\Vikash Tiwari (VK)\AppData\Roaming\npm\node_modules\firebase-tools\lib\bin\firebase.js init
[debug] [2023-10-01T07:52:46.661Z] CLI Version:   12.6.1
[debug] [2023-10-01T07:52:46.661Z] Platform:      win32
[debug] [2023-10-01T07:52:46.661Z] Node Version:  v18.17.1
[debug] [2023-10-01T07:52:46.662Z] Time:          Sun Oct 01 2023 13:22:46 GMT+0530 (India Standard Time)
[debug] [2023-10-01T07:52:46.662Z] ----------------------------------------------------------------------
[debug] 
[debug] [2023-10-01T07:52:46.768Z] > command requires scopes: ["email","openid","https://www.googleapis.com/auth/cloudplatformprojects.readonly","https://www.googleapis.com/auth/firebase","https://www.googleapis.com/auth/cloud-platform"]
[debug] [2023-10-01T07:52:46.769Z] > authorizing via signed-in user (vikash15112000@gmail.com)
[info] 
     ######## #### ########  ######## ########     ###     ######  ########
     ##        ##  ##     ## ##       ##     ##  ##   ##  ##       ##
     ######    ##  ########  ######   ########  #########  ######  ######
     ##        ##  ##    ##  ##       ##     ## ##     ##       ## ##
     ##       #### ##     ## ######## ########  ##     ##  ######  ########

You're about to initialize a Firebase project in this directory:

  F:\ReactJS Projects\brainwind_ai

Before we get started, keep in mind:

  * You are initializing within an existing Firebase project directory

[info] 
=== Project Setup
[info] 
[info] First, let's associate this project directory with a Firebase project.
[info] You can create multiple project aliases by running firebase use --add, 
[info] but for now we'll just set up a default project.
[info] 
[debug] [2023-10-01T07:53:08.341Z] Using project from CLI flag: brainwindai
[debug] [2023-10-01T07:53:08.342Z] > refreshing access token with scopes: []
[debug] [2023-10-01T07:53:08.343Z] >>> [apiv2][query] POST https://www.googleapis.com/oauth2/v3/token [none]
[debug] [2023-10-01T07:53:08.344Z] >>> [apiv2][body] POST https://www.googleapis.com/oauth2/v3/token [omitted]
[debug] [2023-10-01T07:53:08.803Z] <<< [apiv2][status] POST https://www.googleapis.com/oauth2/v3/token 200
[debug] [2023-10-01T07:53:08.803Z] <<< [apiv2][body] POST https://www.googleapis.com/oauth2/v3/token [omitted]
[debug] [2023-10-01T07:53:08.813Z] >>> [apiv2][query] GET https://firebase.googleapis.com/v1beta1/projects/brainwindai [none]
[debug] [2023-10-01T07:53:09.503Z] <<< [apiv2][status] GET https://firebase.googleapis.com/v1beta1/projects/brainwindai 200
[debug] [2023-10-01T07:53:09.503Z] <<< [apiv2][body] GET https://firebase.googleapis.com/v1beta1/projects/brainwindai {"projectId":"brainwindai","projectNumber":"12033677807","displayName":"BrainWindAI","name":"projects/brainwindai","resources":{"hostingSite":"brainwindai","realtimeDatabaseInstance":"brainwindai-default-rtdb"},"state":"ACTIVE","etag":"1_a656bc61-85ad-4428-891a-9f589d1e5735"}
[info] i  Using project brainwindai (BrainWindAI) 
[info] 
=== Hosting Setup
[info] 
[info] Your public directory is the folder (relative to your project directory) that
[info] will contain Hosting assets to be uploaded with firebase deploy. If you
[info] have a build process for your assets, use your build's output directory.
[info] 
